c:\users\alex\documents\visual studio 2013\projects\uarm_socket\uarm_socket\debug\vc120.pdb
c:\users\alex\documents\visual studio 2013\projects\uarm_socket\uarm_socket\debug\vc120.idb
c:\users\alex\documents\visual studio 2013\projects\uarm_socket\uarm_socket\debug\print.obj
c:\users\alex\documents\visual studio 2013\projects\uarm_socket\uarm_socket\debug\stepper.obj
c:\users\alex\documents\visual studio 2013\projects\uarm_socket\uarm_socket\debug\stream.obj
c:\users\alex\documents\visual studio 2013\projects\uarm_socket\uarm_socket\debug\wstring.obj
c:\users\alex\documents\visual studio 2013\projects\uarm_socket\uarm_socket\debug\arduino.obj
c:\users\alex\documents\visual studio 2013\projects\uarm_socket\uarm_socket\debug\cy8c9540asupport.obj
c:\users\alex\documents\visual studio 2013\projects\uarm_socket\uarm_socket\debug\dmapsupport.obj
c:\users\alex\documents\visual studio 2013\projects\uarm_socket\uarm_socket\debug\eeprom.obj
c:\users\alex\documents\visual studio 2013\projects\uarm_socket\uarm_socket\debug\galileopins.obj
c:\users\alex\documents\visual studio 2013\projects\uarm_socket\uarm_socket\debug\gpiocontroller.obj
c:\users\alex\documents\visual studio 2013\projects\uarm_socket\uarm_socket\debug\hardwareserial.obj
c:\users\alex\documents\visual studio 2013\projects\uarm_socket\uarm_socket\debug\i2ccontroller.obj
c:\users\alex\documents\visual studio 2013\projects\uarm_socket\uarm_socket\debug\networkserial.obj
c:\users\alex\documents\visual studio 2013\projects\uarm_socket\uarm_socket\debug\pca9685support.obj
c:\users\alex\documents\visual studio 2013\projects\uarm_socket\uarm_socket\debug\pcal9535asupport.obj
c:\users\alex\documents\visual studio 2013\projects\uarm_socket\uarm_socket\debug\pulsein.obj
c:\users\alex\documents\visual studio 2013\projects\uarm_socket\uarm_socket\debug\servo.obj
c:\users\alex\documents\visual studio 2013\projects\uarm_socket\uarm_socket\debug\spi.obj
c:\users\alex\documents\visual studio 2013\projects\uarm_socket\uarm_socket\debug\spicontroller.obj
c:\users\alex\documents\visual studio 2013\projects\uarm_socket\uarm_socket\debug\winterrupt.obj
c:\users\alex\documents\visual studio 2013\projects\uarm_socket\uarm_socket\debug\main.obj
c:\users\alex\documents\visual studio 2013\projects\uarm_socket\uarm_socket\debug\stdafx.obj
c:\users\alex\documents\visual studio 2013\projects\uarm_socket\uarm_socket\debug\uarm_socket.obj
c:\users\alex\documents\visual studio 2013\projects\uarm_socket\uarm_socket\debug\uf_uarm.obj
c:\users\alex\documents\visual studio 2013\projects\uarm_socket\uarm_socket\debug\ipaddress.obj
c:\users\alex\documents\visual studio 2013\projects\uarm_socket\uarm_socket\debug\liquidcrystal.obj
c:\users\alex\documents\visual studio 2013\projects\uarm_socket\debug\uarm_socket.ilk
c:\users\alex\documents\visual studio 2013\projects\uarm_socket\debug\uarm_socket.exe
c:\users\alex\documents\visual studio 2013\projects\uarm_socket\debug\uarm_socket.pdb
c:\users\alex\documents\visual studio 2013\projects\uarm_socket\uarm_socket\debug\uarm_socket.tlog\cl.command.1.tlog
c:\users\alex\documents\visual studio 2013\projects\uarm_socket\uarm_socket\debug\uarm_socket.tlog\cl.read.1.tlog
c:\users\alex\documents\visual studio 2013\projects\uarm_socket\uarm_socket\debug\uarm_socket.tlog\cl.write.1.tlog
c:\users\alex\documents\visual studio 2013\projects\uarm_socket\uarm_socket\debug\uarm_socket.tlog\link.command.1.tlog
c:\users\alex\documents\visual studio 2013\projects\uarm_socket\uarm_socket\debug\uarm_socket.tlog\link.read.1.tlog
c:\users\alex\documents\visual studio 2013\projects\uarm_socket\uarm_socket\debug\uarm_socket.tlog\link.write.1.tlog
